{
  "RSpec": {
    "coverage": {
      "/Users/chrisclement/Desktop/Projects/Makers/Week4/Bookmark/app.rb": {
        "lines": [
          1,
          1,
          1,
          null,
          1,
          1,
          0,
          null,
          null,
          1,
          2,
          null,
          null,
          1,
          1,
          1,
          null,
          null,
          1,
          null
        ]
      },
      "/Users/chrisclement/Desktop/Projects/Makers/Week4/Bookmark/lib/bookmark.rb": {
        "lines": [
          1,
          1,
          2,
          null,
          null
        ]
      },
      "/Users/chrisclement/Desktop/Projects/Makers/Week4/Bookmark/spec/bookmark_spec.rb": {
        "lines": [
          1,
          null,
          1,
          1,
          1,
          null,
          null
        ]
      },
      "/Users/chrisclement/Desktop/Projects/Makers/Week4/Bookmark/spec/features/view_bookmarks_spec.rb": {
        "lines": [
          1,
          1,
          1,
          1,
          1,
          null,
          null
        ]
      },
      "/Users/chrisclement/Desktop/Projects/Makers/Week4/Bookmark/spec/features/visit_homepage_spec.rb": {
        "lines": [
          1,
          1,
          1,
          1,
          null,
          null
        ]
      }
    },
    "timestamp": 1638803857
  }
}
